<?xml version="1.0" encoding="UTF-8"?>
<!-- Generated by org.testng.reporters.JUnitXMLReporter -->
<testsuite ignored="1" hostname="LAPTOP-K9R4RSIU" failures="1" tests="2" name="Regression(failed)" time="0.193" errors="0" timestamp="10 Apr 2021 02:28:53 GMT">
  <testcase classname="com.edu.Testng.UserCreationMaster" name="ModifyUser" time="0.075">
    <failure type="java.lang.AssertionError" message="null">
      <![CDATA[java.lang.AssertionError: null
at com.edu.Testng.UserCreationMaster.ModifyUser(UserCreationMaster.java:23)
... Removed 27 stack frames]]>
    </failure>
  </testcase> <!-- ModifyUser -->
  <testcase classname="com.edu.Testng.UserCreationMaster" name="createUser" time="0.0">
    <skipped/>
  </testcase> <!-- createUser -->
  <testcase classname="com.edu.Testng.UserCreationMaster" name="DeleteUser" time="0.0">
    <ignored/>
  </testcase> <!-- DeleteUser -->
</testsuite> <!-- Regression(failed) -->
