<?xml version="1.0" encoding="UTF-8"?>
<!-- Generated by org.testng.reporters.JUnitXMLReporter -->
<testsuite ignored="0" hostname="LAPTOP-K9R4RSIU" failures="1" tests="3" name="Regression" time="0.099" errors="0" timestamp="10 Apr 2021 02:26:45 GMT">
  <testcase classname="com.edu.Testng.UserCreationMaster" name="ModifyUser" time="0.022">
    <failure type="java.lang.AssertionError" message="null">
      <![CDATA[java.lang.AssertionError: null
at com.edu.Testng.UserCreationMaster.ModifyUser(UserCreationMaster.java:23)
... Removed 27 stack frames]]>
    </failure>
  </testcase> <!-- ModifyUser -->
  <testcase classname="com.edu.Testng.UserCreationMaster" name="createUser" time="0.0">
    <skipped/>
  </testcase> <!-- createUser -->
  <testcase classname="com.edu.Testng.UserCreationMaster" name="DeleteUser" time="0.004"/>
</testsuite> <!-- Regression -->
